<?xml version="1.0" encoding="UTF-8"?>
<!-- Generated by org.testng.reporters.JUnitReportReporter -->
<testsuite hostname="Kangs" failures="0" tests="5" name="com.kavinschool.shape.CubeSingleDataProviderTest" time="0.014" errors="0" timestamp="2024-10-02T15:16:24 EDT" skipped="0">
  <testcase classname="com.kavinschool.shape.CubeSingleDataProviderTest" name="testArea" time="0.011"/>
  <testcase classname="com.kavinschool.shape.CubeSingleDataProviderTest" name="testArea" time="0.001"/>
  <testcase classname="com.kavinschool.shape.CubeSingleDataProviderTest" name="testArea" time="0.000"/>
  <testcase classname="com.kavinschool.shape.CubeSingleDataProviderTest" name="testArea" time="0.001"/>
  <testcase classname="com.kavinschool.shape.CubeSingleDataProviderTest" name="testArea" time="0.001"/>
</testsuite> <!-- com.kavinschool.shape.CubeSingleDataProviderTest -->
