<?xml version="1.0" encoding="UTF-8"?>
<!-- Generated by org.testng.reporters.JUnitReportReporter -->
<testsuite hostname="Kangs" failures="0" tests="1" name="com.kavinschool.shape.OrderOfExecutionTest" time="0.004" errors="0" timestamp="2024-10-02T15:16:05 EDT" skipped="0">
  <testcase classname="com.kavinschool.shape.OrderOfExecutionTest" name="f" time="0.004"/>
</testsuite> <!-- com.kavinschool.shape.OrderOfExecutionTest -->
